c:\users\zcros\source\repos\banking_invest_app\banking_.64772ef6\x64\debug\vc143.pdb
c:\users\zcros\source\repos\banking_invest_app\banking_.64772ef6\x64\debug\vc143.idb
c:\users\zcros\source\repos\banking_invest_app\banking_.64772ef6\x64\debug\main1.obj
c:\users\zcros\source\repos\banking_invest_app\banking_.64772ef6\x64\debug\investmentcalculator.obj
c:\users\zcros\source\repos\banking_invest_app\x64\debug\banking_invest_app.exe
c:\users\zcros\source\repos\banking_invest_app\x64\debug\banking_invest_app.pdb
c:\users\zcros\source\repos\banking_invest_app\banking_.64772ef6\x64\debug\banking_invest_app.ilk
c:\users\zcros\source\repos\banking_invest_app\banking_.64772ef6\x64\debug\banking_.64772ef6.tlog\cl.command.1.tlog
c:\users\zcros\source\repos\banking_invest_app\banking_.64772ef6\x64\debug\banking_.64772ef6.tlog\cl.items.tlog
c:\users\zcros\source\repos\banking_invest_app\banking_.64772ef6\x64\debug\banking_.64772ef6.tlog\cl.read.1.tlog
c:\users\zcros\source\repos\banking_invest_app\banking_.64772ef6\x64\debug\banking_.64772ef6.tlog\cl.write.1.tlog
c:\users\zcros\source\repos\banking_invest_app\banking_.64772ef6\x64\debug\banking_.64772ef6.tlog\clang-cl.37304.write.1.tlog
c:\users\zcros\source\repos\banking_invest_app\banking_.64772ef6\x64\debug\banking_.64772ef6.tlog\clang-cl.command.1.tlog
c:\users\zcros\source\repos\banking_invest_app\banking_.64772ef6\x64\debug\banking_.64772ef6.tlog\clang-cl.read.1.tlog
c:\users\zcros\source\repos\banking_invest_app\banking_.64772ef6\x64\debug\banking_.64772ef6.tlog\link.command.1.tlog
c:\users\zcros\source\repos\banking_invest_app\banking_.64772ef6\x64\debug\banking_.64772ef6.tlog\link.read.1.tlog
c:\users\zcros\source\repos\banking_invest_app\banking_.64772ef6\x64\debug\banking_.64772ef6.tlog\link.secondary.1.tlog
c:\users\zcros\source\repos\banking_invest_app\banking_.64772ef6\x64\debug\banking_.64772ef6.tlog\link.write.1.tlog
c:\users\zcros\source\repos\banking_invest_app\banking_.64772ef6\x64\debug\banking_.64772ef6.tlog\lld-link.command.1.tlog
c:\users\zcros\source\repos\banking_invest_app\banking_.64772ef6\x64\debug\banking_.64772ef6.tlog\lld-link.read.1.tlog
c:\users\zcros\source\repos\banking_invest_app\banking_.64772ef6\x64\debug\banking_.64772ef6.tlog\lld-link.secondary.1.tlog
c:\users\zcros\source\repos\banking_invest_app\banking_.64772ef6\x64\debug\banking_.64772ef6.tlog\lld-link.write.1.tlog
